INFO - 2023-05-30 17:30:17 --> Session: Class initialized using 'CodeIgniter\Session\Handlers\FileHandler' driver.
INFO - 2023-05-30 17:30:19 --> Session: Class initialized using 'CodeIgniter\Session\Handlers\FileHandler' driver.
CRITICAL - 2023-05-30 17:30:21 --> unlink(C:\Xampp\htdocs\Tienda_MG\writable\debugbar/debugbar_1685336674.516539.json): No such file or directory
in SYSTEMPATH\Debug\Toolbar\Collectors\History.php on line 76.
 1 [internal function]: CodeIgniter\Debug\Exceptions->errorHandler(2, 'unlink(C:\\Xampp\\htdocs\\Tienda_MG\\writable\\debugbar/debugbar_1685336674.516539.json): No such file or directory', 'C:\\Xampp\\htdocs\\Tienda_MG\\system\\Debug\\Toolbar\\Collectors\\History.php', 76)
 2 SYSTEMPATH\Debug\Toolbar\Collectors\History.php(76): unlink('C:\\Xampp\\htdocs\\Tienda_MG\\writable\\debugbar/debugbar_1685336674.516539.json')
 3 SYSTEMPATH\Debug\Toolbar.php(495): CodeIgniter\Debug\Toolbar\Collectors\History->setFiles('1685467819.786819', 20)
 4 SYSTEMPATH\Debug\Toolbar.php(474): CodeIgniter\Debug\Toolbar->format([...], 'html')
 5 APPPATH\Config\Events.php(46): CodeIgniter\Debug\Toolbar->respond()
 6 SYSTEMPATH\Events\Events.php(149): CodeIgniter\Events\Events::Config\{closure}()
 7 SYSTEMPATH\CodeIgniter.php(350): CodeIgniter\Events\Events::trigger('pre_system')
 8 FCPATH\index.php(67): CodeIgniter\CodeIgniter->run()
INFO - 2023-05-30 17:38:39 --> Session: Class initialized using 'CodeIgniter\Session\Handlers\FileHandler' driver.
INFO - 2023-05-30 17:38:40 --> Session: Class initialized using 'CodeIgniter\Session\Handlers\FileHandler' driver.
INFO - 2023-05-30 17:38:48 --> Session: Class initialized using 'CodeIgniter\Session\Handlers\FileHandler' driver.
INFO - 2023-05-30 17:38:49 --> Session: Class initialized using 'CodeIgniter\Session\Handlers\FileHandler' driver.
INFO - 2023-05-30 17:40:43 --> Session: Class initialized using 'CodeIgniter\Session\Handlers\FileHandler' driver.
INFO - 2023-05-30 17:40:45 --> Session: Class initialized using 'CodeIgniter\Session\Handlers\FileHandler' driver.
INFO - 2023-05-30 17:43:36 --> Session: Class initialized using 'CodeIgniter\Session\Handlers\FileHandler' driver.
INFO - 2023-05-30 17:43:51 --> Session: Class initialized using 'CodeIgniter\Session\Handlers\FileHandler' driver.
INFO - 2023-05-30 17:44:00 --> Session: Class initialized using 'CodeIgniter\Session\Handlers\FileHandler' driver.
INFO - 2023-05-30 17:46:58 --> Session: Class initialized using 'CodeIgniter\Session\Handlers\FileHandler' driver.
INFO - 2023-05-30 17:47:16 --> Session: Class initialized using 'CodeIgniter\Session\Handlers\FileHandler' driver.
INFO - 2023-05-30 17:47:17 --> Session: Class initialized using 'CodeIgniter\Session\Handlers\FileHandler' driver.
INFO - 2023-05-30 17:47:24 --> Session: Class initialized using 'CodeIgniter\Session\Handlers\FileHandler' driver.
INFO - 2023-05-30 17:50:20 --> Session: Class initialized using 'CodeIgniter\Session\Handlers\FileHandler' driver.
INFO - 2023-05-30 18:23:54 --> Session: Class initialized using 'CodeIgniter\Session\Handlers\FileHandler' driver.
INFO - 2023-05-30 18:23:54 --> Session: Class initialized using 'CodeIgniter\Session\Handlers\FileHandler' driver.
INFO - 2023-05-30 18:23:55 --> Session: Class initialized using 'CodeIgniter\Session\Handlers\FileHandler' driver.
INFO - 2023-05-30 18:23:55 --> Session: Class initialized using 'CodeIgniter\Session\Handlers\FileHandler' driver.
INFO - 2023-05-30 18:24:07 --> Session: Class initialized using 'CodeIgniter\Session\Handlers\FileHandler' driver.
INFO - 2023-05-30 18:24:08 --> Session: Class initialized using 'CodeIgniter\Session\Handlers\FileHandler' driver.
INFO - 2023-05-30 18:25:12 --> Session: Class initialized using 'CodeIgniter\Session\Handlers\FileHandler' driver.
INFO - 2023-05-30 18:25:12 --> Session: Class initialized using 'CodeIgniter\Session\Handlers\FileHandler' driver.
INFO - 2023-05-30 18:25:15 --> Session: Class initialized using 'CodeIgniter\Session\Handlers\FileHandler' driver.
INFO - 2023-05-30 18:25:23 --> Session: Class initialized using 'CodeIgniter\Session\Handlers\FileHandler' driver.
INFO - 2023-05-30 18:25:23 --> Session: Class initialized using 'CodeIgniter\Session\Handlers\FileHandler' driver.
INFO - 2023-05-30 18:25:28 --> Session: Class initialized using 'CodeIgniter\Session\Handlers\FileHandler' driver.
INFO - 2023-05-30 18:25:48 --> Session: Class initialized using 'CodeIgniter\Session\Handlers\FileHandler' driver.
INFO - 2023-05-30 18:25:49 --> Session: Class initialized using 'CodeIgniter\Session\Handlers\FileHandler' driver.
INFO - 2023-05-30 18:25:55 --> Session: Class initialized using 'CodeIgniter\Session\Handlers\FileHandler' driver.
INFO - 2023-05-30 18:26:04 --> Session: Class initialized using 'CodeIgniter\Session\Handlers\FileHandler' driver.
INFO - 2023-05-30 18:26:05 --> Session: Class initialized using 'CodeIgniter\Session\Handlers\FileHandler' driver.
INFO - 2023-05-30 18:26:11 --> Session: Class initialized using 'CodeIgniter\Session\Handlers\FileHandler' driver.
INFO - 2023-05-30 18:34:15 --> Session: Class initialized using 'CodeIgniter\Session\Handlers\FileHandler' driver.
INFO - 2023-05-30 18:34:30 --> Session: Class initialized using 'CodeIgniter\Session\Handlers\FileHandler' driver.
INFO - 2023-05-30 18:34:30 --> Session: Class initialized using 'CodeIgniter\Session\Handlers\FileHandler' driver.
INFO - 2023-05-30 18:34:33 --> Session: Class initialized using 'CodeIgniter\Session\Handlers\FileHandler' driver.
INFO - 2023-05-30 18:34:42 --> Session: Class initialized using 'CodeIgniter\Session\Handlers\FileHandler' driver.
INFO - 2023-05-30 18:34:42 --> Session: Class initialized using 'CodeIgniter\Session\Handlers\FileHandler' driver.
INFO - 2023-05-30 18:34:47 --> Session: Class initialized using 'CodeIgniter\Session\Handlers\FileHandler' driver.
INFO - 2023-05-30 18:35:01 --> Session: Class initialized using 'CodeIgniter\Session\Handlers\FileHandler' driver.
INFO - 2023-05-30 18:35:02 --> Session: Class initialized using 'CodeIgniter\Session\Handlers\FileHandler' driver.
INFO - 2023-05-30 18:35:44 --> Session: Class initialized using 'CodeIgniter\Session\Handlers\FileHandler' driver.
INFO - 2023-05-30 18:35:54 --> Session: Class initialized using 'CodeIgniter\Session\Handlers\FileHandler' driver.
INFO - 2023-05-30 18:35:55 --> Session: Class initialized using 'CodeIgniter\Session\Handlers\FileHandler' driver.
INFO - 2023-05-30 18:36:01 --> Session: Class initialized using 'CodeIgniter\Session\Handlers\FileHandler' driver.
INFO - 2023-05-30 18:36:07 --> Session: Class initialized using 'CodeIgniter\Session\Handlers\FileHandler' driver.
INFO - 2023-05-30 18:36:08 --> Session: Class initialized using 'CodeIgniter\Session\Handlers\FileHandler' driver.
INFO - 2023-05-30 18:36:14 --> Session: Class initialized using 'CodeIgniter\Session\Handlers\FileHandler' driver.
INFO - 2023-05-30 18:38:20 --> Session: Class initialized using 'CodeIgniter\Session\Handlers\FileHandler' driver.
INFO - 2023-05-30 18:38:35 --> Session: Class initialized using 'CodeIgniter\Session\Handlers\FileHandler' driver.
INFO - 2023-05-30 18:38:36 --> Session: Class initialized using 'CodeIgniter\Session\Handlers\FileHandler' driver.
INFO - 2023-05-30 18:38:50 --> Session: Class initialized using 'CodeIgniter\Session\Handlers\FileHandler' driver.
INFO - 2023-05-30 18:43:20 --> Session: Class initialized using 'CodeIgniter\Session\Handlers\FileHandler' driver.
INFO - 2023-05-30 18:43:32 --> Session: Class initialized using 'CodeIgniter\Session\Handlers\FileHandler' driver.
INFO - 2023-05-30 18:43:38 --> Session: Class initialized using 'CodeIgniter\Session\Handlers\FileHandler' driver.
INFO - 2023-05-30 18:43:44 --> Session: Class initialized using 'CodeIgniter\Session\Handlers\FileHandler' driver.
INFO - 2023-05-30 18:43:45 --> Session: Class initialized using 'CodeIgniter\Session\Handlers\FileHandler' driver.
INFO - 2023-05-30 18:43:53 --> Session: Class initialized using 'CodeIgniter\Session\Handlers\FileHandler' driver.
INFO - 2023-05-30 18:47:06 --> Session: Class initialized using 'CodeIgniter\Session\Handlers\FileHandler' driver.
INFO - 2023-05-30 18:47:20 --> Session: Class initialized using 'CodeIgniter\Session\Handlers\FileHandler' driver.
INFO - 2023-05-30 18:47:21 --> Session: Class initialized using 'CodeIgniter\Session\Handlers\FileHandler' driver.
INFO - 2023-05-30 18:50:26 --> Session: Class initialized using 'CodeIgniter\Session\Handlers\FileHandler' driver.
INFO - 2023-05-30 18:51:52 --> Session: Class initialized using 'CodeIgniter\Session\Handlers\FileHandler' driver.
INFO - 2023-05-30 18:51:53 --> Session: Class initialized using 'CodeIgniter\Session\Handlers\FileHandler' driver.
INFO - 2023-05-30 18:52:01 --> Session: Class initialized using 'CodeIgniter\Session\Handlers\FileHandler' driver.
INFO - 2023-05-30 18:52:06 --> Session: Class initialized using 'CodeIgniter\Session\Handlers\FileHandler' driver.
INFO - 2023-05-30 18:52:17 --> Session: Class initialized using 'CodeIgniter\Session\Handlers\FileHandler' driver.
INFO - 2023-05-30 18:52:19 --> Session: Class initialized using 'CodeIgniter\Session\Handlers\FileHandler' driver.
INFO - 2023-05-30 18:52:22 --> Session: Class initialized using 'CodeIgniter\Session\Handlers\FileHandler' driver.
INFO - 2023-05-30 18:52:24 --> Session: Class initialized using 'CodeIgniter\Session\Handlers\FileHandler' driver.
INFO - 2023-05-30 18:52:25 --> Session: Class initialized using 'CodeIgniter\Session\Handlers\FileHandler' driver.
INFO - 2023-05-30 18:53:03 --> Session: Class initialized using 'CodeIgniter\Session\Handlers\FileHandler' driver.
INFO - 2023-05-30 18:53:07 --> Session: Class initialized using 'CodeIgniter\Session\Handlers\FileHandler' driver.
INFO - 2023-05-30 18:53:10 --> Session: Class initialized using 'CodeIgniter\Session\Handlers\FileHandler' driver.
INFO - 2023-05-30 18:53:20 --> Session: Class initialized using 'CodeIgniter\Session\Handlers\FileHandler' driver.
INFO - 2023-05-30 18:53:24 --> Session: Class initialized using 'CodeIgniter\Session\Handlers\FileHandler' driver.
INFO - 2023-05-30 18:53:28 --> Session: Class initialized using 'CodeIgniter\Session\Handlers\FileHandler' driver.
INFO - 2023-05-30 18:53:32 --> Session: Class initialized using 'CodeIgniter\Session\Handlers\FileHandler' driver.
INFO - 2023-05-30 18:53:36 --> Session: Class initialized using 'CodeIgniter\Session\Handlers\FileHandler' driver.
INFO - 2023-05-30 18:53:36 --> Session: Class initialized using 'CodeIgniter\Session\Handlers\FileHandler' driver.
INFO - 2023-05-30 18:53:57 --> Session: Class initialized using 'CodeIgniter\Session\Handlers\FileHandler' driver.
INFO - 2023-05-30 18:53:58 --> Session: Class initialized using 'CodeIgniter\Session\Handlers\FileHandler' driver.
INFO - 2023-05-30 18:54:00 --> Session: Class initialized using 'CodeIgniter\Session\Handlers\FileHandler' driver.
INFO - 2023-05-30 18:54:12 --> Session: Class initialized using 'CodeIgniter\Session\Handlers\FileHandler' driver.
INFO - 2023-05-30 18:54:13 --> Session: Class initialized using 'CodeIgniter\Session\Handlers\FileHandler' driver.
INFO - 2023-05-30 18:54:24 --> Session: Class initialized using 'CodeIgniter\Session\Handlers\FileHandler' driver.
INFO - 2023-05-30 18:54:52 --> Session: Class initialized using 'CodeIgniter\Session\Handlers\FileHandler' driver.
INFO - 2023-05-30 18:56:32 --> Session: Class initialized using 'CodeIgniter\Session\Handlers\FileHandler' driver.
INFO - 2023-05-30 18:56:45 --> Session: Class initialized using 'CodeIgniter\Session\Handlers\FileHandler' driver.
INFO - 2023-05-30 18:56:50 --> Session: Class initialized using 'CodeIgniter\Session\Handlers\FileHandler' driver.
INFO - 2023-05-30 18:56:56 --> Session: Class initialized using 'CodeIgniter\Session\Handlers\FileHandler' driver.
INFO - 2023-05-30 18:57:10 --> Session: Class initialized using 'CodeIgniter\Session\Handlers\FileHandler' driver.
INFO - 2023-05-30 18:57:15 --> Session: Class initialized using 'CodeIgniter\Session\Handlers\FileHandler' driver.
ERROR - 2023-05-30 18:57:15 --> mysqli_sql_exception: Cannot add or update a child row: a foreign key constraint fails (`bd_mgnetworks`.`detalle_compra`, CONSTRAINT `detalle_compra_ibfk_2` FOREIGN KEY (`ID_Compra`) REFERENCES `compra` (`ID_Compra`)) in C:\Xampp\htdocs\Tienda_MG\system\Database\MySQLi\Connection.php:295
Stack trace:
#0 C:\Xampp\htdocs\Tienda_MG\system\Database\MySQLi\Connection.php(295): mysqli->query('INSERT INTO `de...', 0)
#1 C:\Xampp\htdocs\Tienda_MG\system\Database\BaseConnection.php(692): CodeIgniter\Database\MySQLi\Connection->execute('INSERT INTO `de...')
#2 C:\Xampp\htdocs\Tienda_MG\system\Database\BaseConnection.php(606): CodeIgniter\Database\BaseConnection->simpleQuery('INSERT INTO `de...')
#3 C:\Xampp\htdocs\Tienda_MG\system\Database\BaseBuilder.php(2309): CodeIgniter\Database\BaseConnection->query('INSERT INTO `de...', Array, false)
#4 C:\Xampp\htdocs\Tienda_MG\system\Model.php(330): CodeIgniter\Database\BaseBuilder->insert()
#5 C:\Xampp\htdocs\Tienda_MG\system\BaseModel.php(782): CodeIgniter\Model->doInsert(Array)
#6 C:\Xampp\htdocs\Tienda_MG\system\Model.php(730): CodeIgniter\BaseModel->insert(Array, true)
#7 C:\Xampp\htdocs\Tienda_MG\app\Controllers\Compras.php(146): CodeIgniter\Model->insert(Array)
#8 C:\Xampp\htdocs\Tienda_MG\system\CodeIgniter.php(934): App\Controllers\Compras->RegistrarCompra()
#9 C:\Xampp\htdocs\Tienda_MG\system\CodeIgniter.php(499): CodeIgniter\CodeIgniter->runController(Object(App\Controllers\Compras))
#10 C:\Xampp\htdocs\Tienda_MG\system\CodeIgniter.php(368): CodeIgniter\CodeIgniter->handleRequest(NULL, Object(Config\Cache), false)
#11 C:\Xampp\htdocs\Tienda_MG\public\index.php(67): CodeIgniter\CodeIgniter->run()
#12 {main}
CRITICAL - 2023-05-30 18:57:15 --> Cannot add or update a child row: a foreign key constraint fails (`bd_mgnetworks`.`detalle_compra`, CONSTRAINT `detalle_compra_ibfk_2` FOREIGN KEY (`ID_Compra`) REFERENCES `compra` (`ID_Compra`))
in SYSTEMPATH\Database\MySQLi\Connection.php on line 295.
 1 SYSTEMPATH\Database\MySQLi\Connection.php(295): mysqli->query('INSERT INTO `detalle_compra` (`ID_Producto`, `ID_Proveedor`, `CantidadProducto_DetalleCompra`, `ImporteCompra_DetalleCompra`) VALUES (\'7\', \'2\', \'4\', \'800\')', 0)
 2 SYSTEMPATH\Database\BaseConnection.php(692): CodeIgniter\Database\MySQLi\Connection->execute('INSERT INTO `detalle_compra` (`ID_Producto`, `ID_Proveedor`, `CantidadProducto_DetalleCompra`, `ImporteCompra_DetalleCompra`) VALUES (\'7\', \'2\', \'4\', \'800\')')
 3 SYSTEMPATH\Database\BaseConnection.php(606): CodeIgniter\Database\BaseConnection->simpleQuery('INSERT INTO `detalle_compra` (`ID_Producto`, `ID_Proveedor`, `CantidadProducto_DetalleCompra`, `ImporteCompra_DetalleCompra`) VALUES (\'7\', \'2\', \'4\', \'800\')')
 4 SYSTEMPATH\Database\BaseBuilder.php(2309): CodeIgniter\Database\BaseConnection->query('INSERT INTO `detalle_compra` (`ID_Producto`, `ID_Proveedor`, `CantidadProducto_DetalleCompra`, `ImporteCompra_DetalleCompra`) VALUES (:ID_Producto:, :ID_Proveedor:, :CantidadProducto_DetalleCompra:, :ImporteCompra_DetalleCompra:)', [...], false)
 5 SYSTEMPATH\Model.php(330): CodeIgniter\Database\BaseBuilder->insert()
 6 SYSTEMPATH\BaseModel.php(782): CodeIgniter\Model->doInsert([...])
 7 SYSTEMPATH\Model.php(730): CodeIgniter\BaseModel->insert([...], true)
 8 APPPATH\Controllers\Compras.php(146): CodeIgniter\Model->insert([...])
 9 SYSTEMPATH\CodeIgniter.php(934): App\Controllers\Compras->RegistrarCompra()
10 SYSTEMPATH\CodeIgniter.php(499): CodeIgniter\CodeIgniter->runController(Object(App\Controllers\Compras))
11 SYSTEMPATH\CodeIgniter.php(368): CodeIgniter\CodeIgniter->handleRequest(null, Object(Config\Cache), false)
12 FCPATH\index.php(67): CodeIgniter\CodeIgniter->run()
INFO - 2023-05-30 19:01:17 --> Session: Class initialized using 'CodeIgniter\Session\Handlers\FileHandler' driver.
INFO - 2023-05-30 19:01:18 --> Session: Class initialized using 'CodeIgniter\Session\Handlers\FileHandler' driver.
INFO - 2023-05-30 19:05:16 --> Session: Class initialized using 'CodeIgniter\Session\Handlers\FileHandler' driver.
INFO - 2023-05-30 19:05:37 --> Session: Class initialized using 'CodeIgniter\Session\Handlers\FileHandler' driver.
INFO - 2023-05-30 19:05:43 --> Session: Class initialized using 'CodeIgniter\Session\Handlers\FileHandler' driver.
INFO - 2023-05-30 19:05:54 --> Session: Class initialized using 'CodeIgniter\Session\Handlers\FileHandler' driver.
INFO - 2023-05-30 19:05:55 --> Session: Class initialized using 'CodeIgniter\Session\Handlers\FileHandler' driver.
INFO - 2023-05-30 19:06:06 --> Session: Class initialized using 'CodeIgniter\Session\Handlers\FileHandler' driver.
INFO - 2023-05-30 19:06:14 --> Session: Class initialized using 'CodeIgniter\Session\Handlers\FileHandler' driver.
INFO - 2023-05-30 19:06:15 --> Session: Class initialized using 'CodeIgniter\Session\Handlers\FileHandler' driver.
INFO - 2023-05-30 19:06:19 --> Session: Class initialized using 'CodeIgniter\Session\Handlers\FileHandler' driver.
INFO - 2023-05-30 19:06:48 --> Session: Class initialized using 'CodeIgniter\Session\Handlers\FileHandler' driver.
ERROR - 2023-05-30 19:06:48 --> mysqli_sql_exception: Cannot add or update a child row: a foreign key constraint fails (`bd_mgnetworks`.`detalle_compra`, CONSTRAINT `detalle_compra_ibfk_2` FOREIGN KEY (`ID_Compra`) REFERENCES `compra` (`ID_Compra`)) in C:\Xampp\htdocs\Tienda_MG\system\Database\MySQLi\Connection.php:295
Stack trace:
#0 C:\Xampp\htdocs\Tienda_MG\system\Database\MySQLi\Connection.php(295): mysqli->query('INSERT INTO `de...', 0)
#1 C:\Xampp\htdocs\Tienda_MG\system\Database\BaseConnection.php(692): CodeIgniter\Database\MySQLi\Connection->execute('INSERT INTO `de...')
#2 C:\Xampp\htdocs\Tienda_MG\system\Database\BaseConnection.php(606): CodeIgniter\Database\BaseConnection->simpleQuery('INSERT INTO `de...')
#3 C:\Xampp\htdocs\Tienda_MG\system\Database\BaseBuilder.php(2309): CodeIgniter\Database\BaseConnection->query('INSERT INTO `de...', Array, false)
#4 C:\Xampp\htdocs\Tienda_MG\system\Model.php(330): CodeIgniter\Database\BaseBuilder->insert()
#5 C:\Xampp\htdocs\Tienda_MG\system\BaseModel.php(782): CodeIgniter\Model->doInsert(Array)
#6 C:\Xampp\htdocs\Tienda_MG\system\Model.php(730): CodeIgniter\BaseModel->insert(Array, true)
#7 C:\Xampp\htdocs\Tienda_MG\app\Controllers\Compras.php(146): CodeIgniter\Model->insert(Array)
#8 C:\Xampp\htdocs\Tienda_MG\system\CodeIgniter.php(934): App\Controllers\Compras->RegistrarCompra()
#9 C:\Xampp\htdocs\Tienda_MG\system\CodeIgniter.php(499): CodeIgniter\CodeIgniter->runController(Object(App\Controllers\Compras))
#10 C:\Xampp\htdocs\Tienda_MG\system\CodeIgniter.php(368): CodeIgniter\CodeIgniter->handleRequest(NULL, Object(Config\Cache), false)
#11 C:\Xampp\htdocs\Tienda_MG\public\index.php(67): CodeIgniter\CodeIgniter->run()
#12 {main}
CRITICAL - 2023-05-30 19:06:48 --> Cannot add or update a child row: a foreign key constraint fails (`bd_mgnetworks`.`detalle_compra`, CONSTRAINT `detalle_compra_ibfk_2` FOREIGN KEY (`ID_Compra`) REFERENCES `compra` (`ID_Compra`))
in SYSTEMPATH\Database\MySQLi\Connection.php on line 295.
 1 SYSTEMPATH\Database\MySQLi\Connection.php(295): mysqli->query('INSERT INTO `detalle_compra` (`ID_Producto`, `ID_Proveedor`, `CantidadProducto_DetalleCompra`, `ImporteCompra_DetalleCompra`) VALUES (\'1\', \'2\', \'8\', \'960\')', 0)
 2 SYSTEMPATH\Database\BaseConnection.php(692): CodeIgniter\Database\MySQLi\Connection->execute('INSERT INTO `detalle_compra` (`ID_Producto`, `ID_Proveedor`, `CantidadProducto_DetalleCompra`, `ImporteCompra_DetalleCompra`) VALUES (\'1\', \'2\', \'8\', \'960\')')
 3 SYSTEMPATH\Database\BaseConnection.php(606): CodeIgniter\Database\BaseConnection->simpleQuery('INSERT INTO `detalle_compra` (`ID_Producto`, `ID_Proveedor`, `CantidadProducto_DetalleCompra`, `ImporteCompra_DetalleCompra`) VALUES (\'1\', \'2\', \'8\', \'960\')')
 4 SYSTEMPATH\Database\BaseBuilder.php(2309): CodeIgniter\Database\BaseConnection->query('INSERT INTO `detalle_compra` (`ID_Producto`, `ID_Proveedor`, `CantidadProducto_DetalleCompra`, `ImporteCompra_DetalleCompra`) VALUES (:ID_Producto:, :ID_Proveedor:, :CantidadProducto_DetalleCompra:, :ImporteCompra_DetalleCompra:)', [...], false)
 5 SYSTEMPATH\Model.php(330): CodeIgniter\Database\BaseBuilder->insert()
 6 SYSTEMPATH\BaseModel.php(782): CodeIgniter\Model->doInsert([...])
 7 SYSTEMPATH\Model.php(730): CodeIgniter\BaseModel->insert([...], true)
 8 APPPATH\Controllers\Compras.php(146): CodeIgniter\Model->insert([...])
 9 SYSTEMPATH\CodeIgniter.php(934): App\Controllers\Compras->RegistrarCompra()
10 SYSTEMPATH\CodeIgniter.php(499): CodeIgniter\CodeIgniter->runController(Object(App\Controllers\Compras))
11 SYSTEMPATH\CodeIgniter.php(368): CodeIgniter\CodeIgniter->handleRequest(null, Object(Config\Cache), false)
12 FCPATH\index.php(67): CodeIgniter\CodeIgniter->run()
INFO - 2023-05-30 19:07:28 --> Session: Class initialized using 'CodeIgniter\Session\Handlers\FileHandler' driver.
INFO - 2023-05-30 19:07:28 --> Session: Class initialized using 'CodeIgniter\Session\Handlers\FileHandler' driver.
INFO - 2023-05-30 19:07:42 --> Session: Class initialized using 'CodeIgniter\Session\Handlers\FileHandler' driver.
INFO - 2023-05-30 19:08:00 --> Session: Class initialized using 'CodeIgniter\Session\Handlers\FileHandler' driver.
INFO - 2023-05-30 19:43:53 --> Session: Class initialized using 'CodeIgniter\Session\Handlers\FileHandler' driver.
INFO - 2023-05-30 21:46:03 --> Session: Class initialized using 'CodeIgniter\Session\Handlers\FileHandler' driver.
INFO - 2023-05-30 21:46:05 --> Session: Class initialized using 'CodeIgniter\Session\Handlers\FileHandler' driver.
INFO - 2023-05-30 21:46:11 --> Session: Class initialized using 'CodeIgniter\Session\Handlers\FileHandler' driver.
INFO - 2023-05-30 21:46:12 --> Session: Class initialized using 'CodeIgniter\Session\Handlers\FileHandler' driver.
INFO - 2023-05-30 21:46:14 --> Session: Class initialized using 'CodeIgniter\Session\Handlers\FileHandler' driver.
INFO - 2023-05-30 21:46:23 --> Session: Class initialized using 'CodeIgniter\Session\Handlers\FileHandler' driver.
INFO - 2023-05-30 21:46:24 --> Session: Class initialized using 'CodeIgniter\Session\Handlers\FileHandler' driver.
INFO - 2023-05-30 21:46:30 --> Session: Class initialized using 'CodeIgniter\Session\Handlers\FileHandler' driver.
INFO - 2023-05-30 21:46:35 --> Session: Class initialized using 'CodeIgniter\Session\Handlers\FileHandler' driver.
INFO - 2023-05-30 21:46:36 --> Session: Class initialized using 'CodeIgniter\Session\Handlers\FileHandler' driver.
INFO - 2023-05-30 21:46:43 --> Session: Class initialized using 'CodeIgniter\Session\Handlers\FileHandler' driver.
INFO - 2023-05-30 21:46:57 --> Session: Class initialized using 'CodeIgniter\Session\Handlers\FileHandler' driver.
INFO - 2023-05-30 21:46:57 --> Session: Class initialized using 'CodeIgniter\Session\Handlers\FileHandler' driver.
INFO - 2023-05-30 21:48:44 --> Session: Class initialized using 'CodeIgniter\Session\Handlers\FileHandler' driver.
INFO - 2023-05-30 21:48:52 --> Session: Class initialized using 'CodeIgniter\Session\Handlers\FileHandler' driver.
INFO - 2023-05-30 21:48:58 --> Session: Class initialized using 'CodeIgniter\Session\Handlers\FileHandler' driver.
INFO - 2023-05-30 21:48:59 --> Session: Class initialized using 'CodeIgniter\Session\Handlers\FileHandler' driver.
INFO - 2023-05-30 21:49:00 --> Session: Class initialized using 'CodeIgniter\Session\Handlers\FileHandler' driver.
INFO - 2023-05-30 21:49:44 --> Session: Class initialized using 'CodeIgniter\Session\Handlers\FileHandler' driver.
INFO - 2023-05-30 21:54:40 --> Session: Class initialized using 'CodeIgniter\Session\Handlers\FileHandler' driver.
INFO - 2023-05-30 21:54:57 --> Session: Class initialized using 'CodeIgniter\Session\Handlers\FileHandler' driver.
INFO - 2023-05-30 21:55:08 --> Session: Class initialized using 'CodeIgniter\Session\Handlers\FileHandler' driver.
INFO - 2023-05-30 21:55:11 --> Session: Class initialized using 'CodeIgniter\Session\Handlers\FileHandler' driver.
INFO - 2023-05-30 21:55:11 --> Session: Class initialized using 'CodeIgniter\Session\Handlers\FileHandler' driver.
INFO - 2023-05-30 21:59:24 --> Session: Class initialized using 'CodeIgniter\Session\Handlers\FileHandler' driver.
INFO - 2023-05-30 21:59:35 --> Session: Class initialized using 'CodeIgniter\Session\Handlers\FileHandler' driver.
INFO - 2023-05-30 21:59:37 --> Session: Class initialized using 'CodeIgniter\Session\Handlers\FileHandler' driver.
INFO - 2023-05-30 21:59:38 --> Session: Class initialized using 'CodeIgniter\Session\Handlers\FileHandler' driver.
INFO - 2023-05-30 21:59:43 --> Session: Class initialized using 'CodeIgniter\Session\Handlers\FileHandler' driver.
INFO - 2023-05-30 21:59:46 --> Session: Class initialized using 'CodeIgniter\Session\Handlers\FileHandler' driver.
ERROR - 2023-05-30 21:59:46 --> mysqli_sql_exception: Cannot add or update a child row: a foreign key constraint fails (`bd_mgnetworks`.`detalle_compra`, CONSTRAINT `detalle_compra_ibfk_1` FOREIGN KEY (`ID_Compra`) REFERENCES `compra` (`ID_Compra`)) in C:\Xampp\htdocs\Tienda_MG\system\Database\MySQLi\Connection.php:295
Stack trace:
#0 C:\Xampp\htdocs\Tienda_MG\system\Database\MySQLi\Connection.php(295): mysqli->query('INSERT INTO `de...', 0)
#1 C:\Xampp\htdocs\Tienda_MG\system\Database\BaseConnection.php(692): CodeIgniter\Database\MySQLi\Connection->execute('INSERT INTO `de...')
#2 C:\Xampp\htdocs\Tienda_MG\system\Database\BaseConnection.php(606): CodeIgniter\Database\BaseConnection->simpleQuery('INSERT INTO `de...')
#3 C:\Xampp\htdocs\Tienda_MG\system\Database\BaseBuilder.php(2309): CodeIgniter\Database\BaseConnection->query('INSERT INTO `de...', Array, false)
#4 C:\Xampp\htdocs\Tienda_MG\system\Model.php(330): CodeIgniter\Database\BaseBuilder->insert()
#5 C:\Xampp\htdocs\Tienda_MG\system\BaseModel.php(782): CodeIgniter\Model->doInsert(Array)
#6 C:\Xampp\htdocs\Tienda_MG\system\Model.php(730): CodeIgniter\BaseModel->insert(Array, true)
#7 C:\Xampp\htdocs\Tienda_MG\app\Controllers\Compras.php(146): CodeIgniter\Model->insert(Array)
#8 C:\Xampp\htdocs\Tienda_MG\system\CodeIgniter.php(934): App\Controllers\Compras->RegistrarCompra()
#9 C:\Xampp\htdocs\Tienda_MG\system\CodeIgniter.php(499): CodeIgniter\CodeIgniter->runController(Object(App\Controllers\Compras))
#10 C:\Xampp\htdocs\Tienda_MG\system\CodeIgniter.php(368): CodeIgniter\CodeIgniter->handleRequest(NULL, Object(Config\Cache), false)
#11 C:\Xampp\htdocs\Tienda_MG\public\index.php(67): CodeIgniter\CodeIgniter->run()
#12 {main}
CRITICAL - 2023-05-30 21:59:46 --> Cannot add or update a child row: a foreign key constraint fails (`bd_mgnetworks`.`detalle_compra`, CONSTRAINT `detalle_compra_ibfk_1` FOREIGN KEY (`ID_Compra`) REFERENCES `compra` (`ID_Compra`))
in SYSTEMPATH\Database\MySQLi\Connection.php on line 295.
 1 SYSTEMPATH\Database\MySQLi\Connection.php(295): mysqli->query('INSERT INTO `detalle_compra` (`ID_Producto`, `ID_Proveedor`, `CantidadProducto_DetalleCompra`, `ImporteCompra_DetalleCompra`) VALUES (\'1\', \'1\', \'2\', \'600\')', 0)
 2 SYSTEMPATH\Database\BaseConnection.php(692): CodeIgniter\Database\MySQLi\Connection->execute('INSERT INTO `detalle_compra` (`ID_Producto`, `ID_Proveedor`, `CantidadProducto_DetalleCompra`, `ImporteCompra_DetalleCompra`) VALUES (\'1\', \'1\', \'2\', \'600\')')
 3 SYSTEMPATH\Database\BaseConnection.php(606): CodeIgniter\Database\BaseConnection->simpleQuery('INSERT INTO `detalle_compra` (`ID_Producto`, `ID_Proveedor`, `CantidadProducto_DetalleCompra`, `ImporteCompra_DetalleCompra`) VALUES (\'1\', \'1\', \'2\', \'600\')')
 4 SYSTEMPATH\Database\BaseBuilder.php(2309): CodeIgniter\Database\BaseConnection->query('INSERT INTO `detalle_compra` (`ID_Producto`, `ID_Proveedor`, `CantidadProducto_DetalleCompra`, `ImporteCompra_DetalleCompra`) VALUES (:ID_Producto:, :ID_Proveedor:, :CantidadProducto_DetalleCompra:, :ImporteCompra_DetalleCompra:)', [...], false)
 5 SYSTEMPATH\Model.php(330): CodeIgniter\Database\BaseBuilder->insert()
 6 SYSTEMPATH\BaseModel.php(782): CodeIgniter\Model->doInsert([...])
 7 SYSTEMPATH\Model.php(730): CodeIgniter\BaseModel->insert([...], true)
 8 APPPATH\Controllers\Compras.php(146): CodeIgniter\Model->insert([...])
 9 SYSTEMPATH\CodeIgniter.php(934): App\Controllers\Compras->RegistrarCompra()
10 SYSTEMPATH\CodeIgniter.php(499): CodeIgniter\CodeIgniter->runController(Object(App\Controllers\Compras))
11 SYSTEMPATH\CodeIgniter.php(368): CodeIgniter\CodeIgniter->handleRequest(null, Object(Config\Cache), false)
12 FCPATH\index.php(67): CodeIgniter\CodeIgniter->run()
INFO - 2023-05-30 21:59:52 --> Session: Class initialized using 'CodeIgniter\Session\Handlers\FileHandler' driver.
ERROR - 2023-05-30 21:59:52 --> mysqli_sql_exception: Cannot add or update a child row: a foreign key constraint fails (`bd_mgnetworks`.`detalle_compra`, CONSTRAINT `detalle_compra_ibfk_1` FOREIGN KEY (`ID_Compra`) REFERENCES `compra` (`ID_Compra`)) in C:\Xampp\htdocs\Tienda_MG\system\Database\MySQLi\Connection.php:295
Stack trace:
#0 C:\Xampp\htdocs\Tienda_MG\system\Database\MySQLi\Connection.php(295): mysqli->query('INSERT INTO `de...', 0)
#1 C:\Xampp\htdocs\Tienda_MG\system\Database\BaseConnection.php(692): CodeIgniter\Database\MySQLi\Connection->execute('INSERT INTO `de...')
#2 C:\Xampp\htdocs\Tienda_MG\system\Database\BaseConnection.php(606): CodeIgniter\Database\BaseConnection->simpleQuery('INSERT INTO `de...')
#3 C:\Xampp\htdocs\Tienda_MG\system\Database\BaseBuilder.php(2309): CodeIgniter\Database\BaseConnection->query('INSERT INTO `de...', Array, false)
#4 C:\Xampp\htdocs\Tienda_MG\system\Model.php(330): CodeIgniter\Database\BaseBuilder->insert()
#5 C:\Xampp\htdocs\Tienda_MG\system\BaseModel.php(782): CodeIgniter\Model->doInsert(Array)
#6 C:\Xampp\htdocs\Tienda_MG\system\Model.php(730): CodeIgniter\BaseModel->insert(Array, true)
#7 C:\Xampp\htdocs\Tienda_MG\app\Controllers\Compras.php(146): CodeIgniter\Model->insert(Array)
#8 C:\Xampp\htdocs\Tienda_MG\system\CodeIgniter.php(934): App\Controllers\Compras->RegistrarCompra()
#9 C:\Xampp\htdocs\Tienda_MG\system\CodeIgniter.php(499): CodeIgniter\CodeIgniter->runController(Object(App\Controllers\Compras))
#10 C:\Xampp\htdocs\Tienda_MG\system\CodeIgniter.php(368): CodeIgniter\CodeIgniter->handleRequest(NULL, Object(Config\Cache), false)
#11 C:\Xampp\htdocs\Tienda_MG\public\index.php(67): CodeIgniter\CodeIgniter->run()
#12 {main}
CRITICAL - 2023-05-30 21:59:52 --> Cannot add or update a child row: a foreign key constraint fails (`bd_mgnetworks`.`detalle_compra`, CONSTRAINT `detalle_compra_ibfk_1` FOREIGN KEY (`ID_Compra`) REFERENCES `compra` (`ID_Compra`))
in SYSTEMPATH\Database\MySQLi\Connection.php on line 295.
 1 SYSTEMPATH\Database\MySQLi\Connection.php(295): mysqli->query('INSERT INTO `detalle_compra` (`ID_Producto`, `ID_Proveedor`, `CantidadProducto_DetalleCompra`, `ImporteCompra_DetalleCompra`) VALUES (\'1\', \'1\', \'2\', \'600\')', 0)
 2 SYSTEMPATH\Database\BaseConnection.php(692): CodeIgniter\Database\MySQLi\Connection->execute('INSERT INTO `detalle_compra` (`ID_Producto`, `ID_Proveedor`, `CantidadProducto_DetalleCompra`, `ImporteCompra_DetalleCompra`) VALUES (\'1\', \'1\', \'2\', \'600\')')
 3 SYSTEMPATH\Database\BaseConnection.php(606): CodeIgniter\Database\BaseConnection->simpleQuery('INSERT INTO `detalle_compra` (`ID_Producto`, `ID_Proveedor`, `CantidadProducto_DetalleCompra`, `ImporteCompra_DetalleCompra`) VALUES (\'1\', \'1\', \'2\', \'600\')')
 4 SYSTEMPATH\Database\BaseBuilder.php(2309): CodeIgniter\Database\BaseConnection->query('INSERT INTO `detalle_compra` (`ID_Producto`, `ID_Proveedor`, `CantidadProducto_DetalleCompra`, `ImporteCompra_DetalleCompra`) VALUES (:ID_Producto:, :ID_Proveedor:, :CantidadProducto_DetalleCompra:, :ImporteCompra_DetalleCompra:)', [...], false)
 5 SYSTEMPATH\Model.php(330): CodeIgniter\Database\BaseBuilder->insert()
 6 SYSTEMPATH\BaseModel.php(782): CodeIgniter\Model->doInsert([...])
 7 SYSTEMPATH\Model.php(730): CodeIgniter\BaseModel->insert([...], true)
 8 APPPATH\Controllers\Compras.php(146): CodeIgniter\Model->insert([...])
 9 SYSTEMPATH\CodeIgniter.php(934): App\Controllers\Compras->RegistrarCompra()
10 SYSTEMPATH\CodeIgniter.php(499): CodeIgniter\CodeIgniter->runController(Object(App\Controllers\Compras))
11 SYSTEMPATH\CodeIgniter.php(368): CodeIgniter\CodeIgniter->handleRequest(null, Object(Config\Cache), false)
12 FCPATH\index.php(67): CodeIgniter\CodeIgniter->run()
INFO - 2023-05-30 22:00:06 --> Session: Class initialized using 'CodeIgniter\Session\Handlers\FileHandler' driver.
INFO - 2023-05-30 22:00:15 --> Session: Class initialized using 'CodeIgniter\Session\Handlers\FileHandler' driver.
ERROR - 2023-05-30 22:00:15 --> mysqli_sql_exception: Cannot add or update a child row: a foreign key constraint fails (`bd_mgnetworks`.`detalle_compra`, CONSTRAINT `detalle_compra_ibfk_1` FOREIGN KEY (`ID_Compra`) REFERENCES `compra` (`ID_Compra`)) in C:\Xampp\htdocs\Tienda_MG\system\Database\MySQLi\Connection.php:295
Stack trace:
#0 C:\Xampp\htdocs\Tienda_MG\system\Database\MySQLi\Connection.php(295): mysqli->query('INSERT INTO `de...', 0)
#1 C:\Xampp\htdocs\Tienda_MG\system\Database\BaseConnection.php(692): CodeIgniter\Database\MySQLi\Connection->execute('INSERT INTO `de...')
#2 C:\Xampp\htdocs\Tienda_MG\system\Database\BaseConnection.php(606): CodeIgniter\Database\BaseConnection->simpleQuery('INSERT INTO `de...')
#3 C:\Xampp\htdocs\Tienda_MG\system\Database\BaseBuilder.php(2309): CodeIgniter\Database\BaseConnection->query('INSERT INTO `de...', Array, false)
#4 C:\Xampp\htdocs\Tienda_MG\system\Model.php(330): CodeIgniter\Database\BaseBuilder->insert()
#5 C:\Xampp\htdocs\Tienda_MG\system\BaseModel.php(782): CodeIgniter\Model->doInsert(Array)
#6 C:\Xampp\htdocs\Tienda_MG\system\Model.php(730): CodeIgniter\BaseModel->insert(Array, true)
#7 C:\Xampp\htdocs\Tienda_MG\app\Controllers\Compras.php(146): CodeIgniter\Model->insert(Array)
#8 C:\Xampp\htdocs\Tienda_MG\system\CodeIgniter.php(934): App\Controllers\Compras->RegistrarCompra()
#9 C:\Xampp\htdocs\Tienda_MG\system\CodeIgniter.php(499): CodeIgniter\CodeIgniter->runController(Object(App\Controllers\Compras))
#10 C:\Xampp\htdocs\Tienda_MG\system\CodeIgniter.php(368): CodeIgniter\CodeIgniter->handleRequest(NULL, Object(Config\Cache), false)
#11 C:\Xampp\htdocs\Tienda_MG\public\index.php(67): CodeIgniter\CodeIgniter->run()
#12 {main}
CRITICAL - 2023-05-30 22:00:15 --> Cannot add or update a child row: a foreign key constraint fails (`bd_mgnetworks`.`detalle_compra`, CONSTRAINT `detalle_compra_ibfk_1` FOREIGN KEY (`ID_Compra`) REFERENCES `compra` (`ID_Compra`))
in SYSTEMPATH\Database\MySQLi\Connection.php on line 295.
 1 SYSTEMPATH\Database\MySQLi\Connection.php(295): mysqli->query('INSERT INTO `detalle_compra` (`ID_Producto`, `ID_Proveedor`, `CantidadProducto_DetalleCompra`, `ImporteCompra_DetalleCompra`) VALUES (\'1\', \'1\', \'2\', \'600\')', 0)
 2 SYSTEMPATH\Database\BaseConnection.php(692): CodeIgniter\Database\MySQLi\Connection->execute('INSERT INTO `detalle_compra` (`ID_Producto`, `ID_Proveedor`, `CantidadProducto_DetalleCompra`, `ImporteCompra_DetalleCompra`) VALUES (\'1\', \'1\', \'2\', \'600\')')
 3 SYSTEMPATH\Database\BaseConnection.php(606): CodeIgniter\Database\BaseConnection->simpleQuery('INSERT INTO `detalle_compra` (`ID_Producto`, `ID_Proveedor`, `CantidadProducto_DetalleCompra`, `ImporteCompra_DetalleCompra`) VALUES (\'1\', \'1\', \'2\', \'600\')')
 4 SYSTEMPATH\Database\BaseBuilder.php(2309): CodeIgniter\Database\BaseConnection->query('INSERT INTO `detalle_compra` (`ID_Producto`, `ID_Proveedor`, `CantidadProducto_DetalleCompra`, `ImporteCompra_DetalleCompra`) VALUES (:ID_Producto:, :ID_Proveedor:, :CantidadProducto_DetalleCompra:, :ImporteCompra_DetalleCompra:)', [...], false)
 5 SYSTEMPATH\Model.php(330): CodeIgniter\Database\BaseBuilder->insert()
 6 SYSTEMPATH\BaseModel.php(782): CodeIgniter\Model->doInsert([...])
 7 SYSTEMPATH\Model.php(730): CodeIgniter\BaseModel->insert([...], true)
 8 APPPATH\Controllers\Compras.php(146): CodeIgniter\Model->insert([...])
 9 SYSTEMPATH\CodeIgniter.php(934): App\Controllers\Compras->RegistrarCompra()
10 SYSTEMPATH\CodeIgniter.php(499): CodeIgniter\CodeIgniter->runController(Object(App\Controllers\Compras))
11 SYSTEMPATH\CodeIgniter.php(368): CodeIgniter\CodeIgniter->handleRequest(null, Object(Config\Cache), false)
12 FCPATH\index.php(67): CodeIgniter\CodeIgniter->run()
INFO - 2023-05-30 22:05:25 --> Session: Class initialized using 'CodeIgniter\Session\Handlers\FileHandler' driver.
ERROR - 2023-05-30 22:05:25 --> mysqli_sql_exception: Cannot add or update a child row: a foreign key constraint fails (`bd_mgnetworks`.`detalle_compra`, CONSTRAINT `detalle_compra_ibfk_1` FOREIGN KEY (`ID_Compra`) REFERENCES `compra` (`ID_Compra`)) in C:\Xampp\htdocs\Tienda_MG\system\Database\MySQLi\Connection.php:295
Stack trace:
#0 C:\Xampp\htdocs\Tienda_MG\system\Database\MySQLi\Connection.php(295): mysqli->query('INSERT INTO `de...', 0)
#1 C:\Xampp\htdocs\Tienda_MG\system\Database\BaseConnection.php(692): CodeIgniter\Database\MySQLi\Connection->execute('INSERT INTO `de...')
#2 C:\Xampp\htdocs\Tienda_MG\system\Database\BaseConnection.php(606): CodeIgniter\Database\BaseConnection->simpleQuery('INSERT INTO `de...')
#3 C:\Xampp\htdocs\Tienda_MG\system\Database\BaseBuilder.php(2309): CodeIgniter\Database\BaseConnection->query('INSERT INTO `de...', Array, false)
#4 C:\Xampp\htdocs\Tienda_MG\system\Model.php(330): CodeIgniter\Database\BaseBuilder->insert()
#5 C:\Xampp\htdocs\Tienda_MG\system\BaseModel.php(782): CodeIgniter\Model->doInsert(Array)
#6 C:\Xampp\htdocs\Tienda_MG\system\Model.php(730): CodeIgniter\BaseModel->insert(Array, true)
#7 C:\Xampp\htdocs\Tienda_MG\app\Controllers\Compras.php(146): CodeIgniter\Model->insert(Array)
#8 C:\Xampp\htdocs\Tienda_MG\system\CodeIgniter.php(934): App\Controllers\Compras->RegistrarCompra()
#9 C:\Xampp\htdocs\Tienda_MG\system\CodeIgniter.php(499): CodeIgniter\CodeIgniter->runController(Object(App\Controllers\Compras))
#10 C:\Xampp\htdocs\Tienda_MG\system\CodeIgniter.php(368): CodeIgniter\CodeIgniter->handleRequest(NULL, Object(Config\Cache), false)
#11 C:\Xampp\htdocs\Tienda_MG\public\index.php(67): CodeIgniter\CodeIgniter->run()
#12 {main}
CRITICAL - 2023-05-30 22:05:25 --> Cannot add or update a child row: a foreign key constraint fails (`bd_mgnetworks`.`detalle_compra`, CONSTRAINT `detalle_compra_ibfk_1` FOREIGN KEY (`ID_Compra`) REFERENCES `compra` (`ID_Compra`))
in SYSTEMPATH\Database\MySQLi\Connection.php on line 295.
 1 SYSTEMPATH\Database\MySQLi\Connection.php(295): mysqli->query('INSERT INTO `detalle_compra` (`ID_Producto`, `ID_Proveedor`, `CantidadProducto_DetalleCompra`, `ImporteCompra_DetalleCompra`) VALUES (\'1\', \'1\', \'2\', \'600\')', 0)
 2 SYSTEMPATH\Database\BaseConnection.php(692): CodeIgniter\Database\MySQLi\Connection->execute('INSERT INTO `detalle_compra` (`ID_Producto`, `ID_Proveedor`, `CantidadProducto_DetalleCompra`, `ImporteCompra_DetalleCompra`) VALUES (\'1\', \'1\', \'2\', \'600\')')
 3 SYSTEMPATH\Database\BaseConnection.php(606): CodeIgniter\Database\BaseConnection->simpleQuery('INSERT INTO `detalle_compra` (`ID_Producto`, `ID_Proveedor`, `CantidadProducto_DetalleCompra`, `ImporteCompra_DetalleCompra`) VALUES (\'1\', \'1\', \'2\', \'600\')')
 4 SYSTEMPATH\Database\BaseBuilder.php(2309): CodeIgniter\Database\BaseConnection->query('INSERT INTO `detalle_compra` (`ID_Producto`, `ID_Proveedor`, `CantidadProducto_DetalleCompra`, `ImporteCompra_DetalleCompra`) VALUES (:ID_Producto:, :ID_Proveedor:, :CantidadProducto_DetalleCompra:, :ImporteCompra_DetalleCompra:)', [...], false)
 5 SYSTEMPATH\Model.php(330): CodeIgniter\Database\BaseBuilder->insert()
 6 SYSTEMPATH\BaseModel.php(782): CodeIgniter\Model->doInsert([...])
 7 SYSTEMPATH\Model.php(730): CodeIgniter\BaseModel->insert([...], true)
 8 APPPATH\Controllers\Compras.php(146): CodeIgniter\Model->insert([...])
 9 SYSTEMPATH\CodeIgniter.php(934): App\Controllers\Compras->RegistrarCompra()
10 SYSTEMPATH\CodeIgniter.php(499): CodeIgniter\CodeIgniter->runController(Object(App\Controllers\Compras))
11 SYSTEMPATH\CodeIgniter.php(368): CodeIgniter\CodeIgniter->handleRequest(null, Object(Config\Cache), false)
12 FCPATH\index.php(67): CodeIgniter\CodeIgniter->run()
INFO - 2023-05-30 22:11:19 --> Session: Class initialized using 'CodeIgniter\Session\Handlers\FileHandler' driver.
INFO - 2023-05-30 22:11:34 --> Session: Class initialized using 'CodeIgniter\Session\Handlers\FileHandler' driver.
INFO - 2023-05-30 22:11:35 --> Session: Class initialized using 'CodeIgniter\Session\Handlers\FileHandler' driver.
INFO - 2023-05-30 22:11:47 --> Session: Class initialized using 'CodeIgniter\Session\Handlers\FileHandler' driver.
INFO - 2023-05-30 22:11:49 --> Session: Class initialized using 'CodeIgniter\Session\Handlers\FileHandler' driver.
ERROR - 2023-05-30 22:11:50 --> mysqli_sql_exception: Cannot add or update a child row: a foreign key constraint fails (`bd_mgnetworks`.`detalle_compra`, CONSTRAINT `detalle_compra_ibfk_1` FOREIGN KEY (`ID_Compra`) REFERENCES `compra` (`ID_Compra`)) in C:\Xampp\htdocs\Tienda_MG\system\Database\MySQLi\Connection.php:295
Stack trace:
#0 C:\Xampp\htdocs\Tienda_MG\system\Database\MySQLi\Connection.php(295): mysqli->query('INSERT INTO `de...', 0)
#1 C:\Xampp\htdocs\Tienda_MG\system\Database\BaseConnection.php(692): CodeIgniter\Database\MySQLi\Connection->execute('INSERT INTO `de...')
#2 C:\Xampp\htdocs\Tienda_MG\system\Database\BaseConnection.php(606): CodeIgniter\Database\BaseConnection->simpleQuery('INSERT INTO `de...')
#3 C:\Xampp\htdocs\Tienda_MG\system\Database\BaseBuilder.php(2309): CodeIgniter\Database\BaseConnection->query('INSERT INTO `de...', Array, false)
#4 C:\Xampp\htdocs\Tienda_MG\system\Model.php(330): CodeIgniter\Database\BaseBuilder->insert()
#5 C:\Xampp\htdocs\Tienda_MG\system\BaseModel.php(782): CodeIgniter\Model->doInsert(Array)
#6 C:\Xampp\htdocs\Tienda_MG\system\Model.php(730): CodeIgniter\BaseModel->insert(Array, true)
#7 C:\Xampp\htdocs\Tienda_MG\app\Controllers\Compras.php(146): CodeIgniter\Model->insert(Array)
#8 C:\Xampp\htdocs\Tienda_MG\system\CodeIgniter.php(934): App\Controllers\Compras->RegistrarCompra()
#9 C:\Xampp\htdocs\Tienda_MG\system\CodeIgniter.php(499): CodeIgniter\CodeIgniter->runController(Object(App\Controllers\Compras))
#10 C:\Xampp\htdocs\Tienda_MG\system\CodeIgniter.php(368): CodeIgniter\CodeIgniter->handleRequest(NULL, Object(Config\Cache), false)
#11 C:\Xampp\htdocs\Tienda_MG\public\index.php(67): CodeIgniter\CodeIgniter->run()
#12 {main}
CRITICAL - 2023-05-30 22:11:50 --> Cannot add or update a child row: a foreign key constraint fails (`bd_mgnetworks`.`detalle_compra`, CONSTRAINT `detalle_compra_ibfk_1` FOREIGN KEY (`ID_Compra`) REFERENCES `compra` (`ID_Compra`))
in SYSTEMPATH\Database\MySQLi\Connection.php on line 295.
 1 SYSTEMPATH\Database\MySQLi\Connection.php(295): mysqli->query('INSERT INTO `detalle_compra` (`ID_Producto`, `ID_Proveedor`, `CantidadProducto_DetalleCompra`, `ImporteCompra_DetalleCompra`) VALUES (\'1\', \'1\', \'2\', \'900\')', 0)
 2 SYSTEMPATH\Database\BaseConnection.php(692): CodeIgniter\Database\MySQLi\Connection->execute('INSERT INTO `detalle_compra` (`ID_Producto`, `ID_Proveedor`, `CantidadProducto_DetalleCompra`, `ImporteCompra_DetalleCompra`) VALUES (\'1\', \'1\', \'2\', \'900\')')
 3 SYSTEMPATH\Database\BaseConnection.php(606): CodeIgniter\Database\BaseConnection->simpleQuery('INSERT INTO `detalle_compra` (`ID_Producto`, `ID_Proveedor`, `CantidadProducto_DetalleCompra`, `ImporteCompra_DetalleCompra`) VALUES (\'1\', \'1\', \'2\', \'900\')')
 4 SYSTEMPATH\Database\BaseBuilder.php(2309): CodeIgniter\Database\BaseConnection->query('INSERT INTO `detalle_compra` (`ID_Producto`, `ID_Proveedor`, `CantidadProducto_DetalleCompra`, `ImporteCompra_DetalleCompra`) VALUES (:ID_Producto:, :ID_Proveedor:, :CantidadProducto_DetalleCompra:, :ImporteCompra_DetalleCompra:)', [...], false)
 5 SYSTEMPATH\Model.php(330): CodeIgniter\Database\BaseBuilder->insert()
 6 SYSTEMPATH\BaseModel.php(782): CodeIgniter\Model->doInsert([...])
 7 SYSTEMPATH\Model.php(730): CodeIgniter\BaseModel->insert([...], true)
 8 APPPATH\Controllers\Compras.php(146): CodeIgniter\Model->insert([...])
 9 SYSTEMPATH\CodeIgniter.php(934): App\Controllers\Compras->RegistrarCompra()
10 SYSTEMPATH\CodeIgniter.php(499): CodeIgniter\CodeIgniter->runController(Object(App\Controllers\Compras))
11 SYSTEMPATH\CodeIgniter.php(368): CodeIgniter\CodeIgniter->handleRequest(null, Object(Config\Cache), false)
12 FCPATH\index.php(67): CodeIgniter\CodeIgniter->run()
INFO - 2023-05-30 22:14:25 --> Session: Class initialized using 'CodeIgniter\Session\Handlers\FileHandler' driver.
INFO - 2023-05-30 22:14:34 --> Session: Class initialized using 'CodeIgniter\Session\Handlers\FileHandler' driver.
INFO - 2023-05-30 22:14:35 --> Session: Class initialized using 'CodeIgniter\Session\Handlers\FileHandler' driver.
INFO - 2023-05-30 22:14:40 --> Session: Class initialized using 'CodeIgniter\Session\Handlers\FileHandler' driver.
INFO - 2023-05-30 22:14:41 --> Session: Class initialized using 'CodeIgniter\Session\Handlers\FileHandler' driver.
ERROR - 2023-05-30 22:14:41 --> mysqli_sql_exception: Cannot add or update a child row: a foreign key constraint fails (`bd_mgnetworks`.`detalle_compra`, CONSTRAINT `detalle_compra_ibfk_1` FOREIGN KEY (`ID_Compra`) REFERENCES `compra` (`ID_Compra`)) in C:\Xampp\htdocs\Tienda_MG\system\Database\MySQLi\Connection.php:295
Stack trace:
#0 C:\Xampp\htdocs\Tienda_MG\system\Database\MySQLi\Connection.php(295): mysqli->query('INSERT INTO `de...', 0)
#1 C:\Xampp\htdocs\Tienda_MG\system\Database\BaseConnection.php(692): CodeIgniter\Database\MySQLi\Connection->execute('INSERT INTO `de...')
#2 C:\Xampp\htdocs\Tienda_MG\system\Database\BaseConnection.php(606): CodeIgniter\Database\BaseConnection->simpleQuery('INSERT INTO `de...')
#3 C:\Xampp\htdocs\Tienda_MG\system\Database\BaseBuilder.php(2309): CodeIgniter\Database\BaseConnection->query('INSERT INTO `de...', Array, false)
#4 C:\Xampp\htdocs\Tienda_MG\system\Model.php(330): CodeIgniter\Database\BaseBuilder->insert()
#5 C:\Xampp\htdocs\Tienda_MG\system\BaseModel.php(782): CodeIgniter\Model->doInsert(Array)
#6 C:\Xampp\htdocs\Tienda_MG\system\Model.php(730): CodeIgniter\BaseModel->insert(Array, true)
#7 C:\Xampp\htdocs\Tienda_MG\app\Controllers\Compras.php(148): CodeIgniter\Model->insert(Array)
#8 C:\Xampp\htdocs\Tienda_MG\system\CodeIgniter.php(934): App\Controllers\Compras->RegistrarCompra()
#9 C:\Xampp\htdocs\Tienda_MG\system\CodeIgniter.php(499): CodeIgniter\CodeIgniter->runController(Object(App\Controllers\Compras))
#10 C:\Xampp\htdocs\Tienda_MG\system\CodeIgniter.php(368): CodeIgniter\CodeIgniter->handleRequest(NULL, Object(Config\Cache), false)
#11 C:\Xampp\htdocs\Tienda_MG\public\index.php(67): CodeIgniter\CodeIgniter->run()
#12 {main}
CRITICAL - 2023-05-30 22:14:41 --> Cannot add or update a child row: a foreign key constraint fails (`bd_mgnetworks`.`detalle_compra`, CONSTRAINT `detalle_compra_ibfk_1` FOREIGN KEY (`ID_Compra`) REFERENCES `compra` (`ID_Compra`))
in SYSTEMPATH\Database\MySQLi\Connection.php on line 295.
 1 SYSTEMPATH\Database\MySQLi\Connection.php(295): mysqli->query('INSERT INTO `detalle_compra` (`ID_Producto`, `ID_Proveedor`, `CantidadProducto_DetalleCompra`, `ImporteCompra_DetalleCompra`) VALUES (\'2\', \'1\', \'3\', \'900\')', 0)
 2 SYSTEMPATH\Database\BaseConnection.php(692): CodeIgniter\Database\MySQLi\Connection->execute('INSERT INTO `detalle_compra` (`ID_Producto`, `ID_Proveedor`, `CantidadProducto_DetalleCompra`, `ImporteCompra_DetalleCompra`) VALUES (\'2\', \'1\', \'3\', \'900\')')
 3 SYSTEMPATH\Database\BaseConnection.php(606): CodeIgniter\Database\BaseConnection->simpleQuery('INSERT INTO `detalle_compra` (`ID_Producto`, `ID_Proveedor`, `CantidadProducto_DetalleCompra`, `ImporteCompra_DetalleCompra`) VALUES (\'2\', \'1\', \'3\', \'900\')')
 4 SYSTEMPATH\Database\BaseBuilder.php(2309): CodeIgniter\Database\BaseConnection->query('INSERT INTO `detalle_compra` (`ID_Producto`, `ID_Proveedor`, `CantidadProducto_DetalleCompra`, `ImporteCompra_DetalleCompra`) VALUES (:ID_Producto:, :ID_Proveedor:, :CantidadProducto_DetalleCompra:, :ImporteCompra_DetalleCompra:)', [...], false)
 5 SYSTEMPATH\Model.php(330): CodeIgniter\Database\BaseBuilder->insert()
 6 SYSTEMPATH\BaseModel.php(782): CodeIgniter\Model->doInsert([...])
 7 SYSTEMPATH\Model.php(730): CodeIgniter\BaseModel->insert([...], true)
 8 APPPATH\Controllers\Compras.php(148): CodeIgniter\Model->insert([...])
 9 SYSTEMPATH\CodeIgniter.php(934): App\Controllers\Compras->RegistrarCompra()
10 SYSTEMPATH\CodeIgniter.php(499): CodeIgniter\CodeIgniter->runController(Object(App\Controllers\Compras))
11 SYSTEMPATH\CodeIgniter.php(368): CodeIgniter\CodeIgniter->handleRequest(null, Object(Config\Cache), false)
12 FCPATH\index.php(67): CodeIgniter\CodeIgniter->run()
INFO - 2023-05-30 22:17:39 --> Session: Class initialized using 'CodeIgniter\Session\Handlers\FileHandler' driver.
INFO - 2023-05-30 22:17:45 --> Session: Class initialized using 'CodeIgniter\Session\Handlers\FileHandler' driver.
INFO - 2023-05-30 22:17:55 --> Session: Class initialized using 'CodeIgniter\Session\Handlers\FileHandler' driver.
INFO - 2023-05-30 22:18:01 --> Session: Class initialized using 'CodeIgniter\Session\Handlers\FileHandler' driver.
INFO - 2023-05-30 22:18:02 --> Session: Class initialized using 'CodeIgniter\Session\Handlers\FileHandler' driver.
INFO - 2023-05-30 22:19:00 --> Session: Class initialized using 'CodeIgniter\Session\Handlers\FileHandler' driver.
INFO - 2023-05-30 22:19:07 --> Session: Class initialized using 'CodeIgniter\Session\Handlers\FileHandler' driver.
INFO - 2023-05-30 22:19:16 --> Session: Class initialized using 'CodeIgniter\Session\Handlers\FileHandler' driver.
INFO - 2023-05-30 22:19:20 --> Session: Class initialized using 'CodeIgniter\Session\Handlers\FileHandler' driver.
INFO - 2023-05-30 22:19:32 --> Session: Class initialized using 'CodeIgniter\Session\Handlers\FileHandler' driver.
INFO - 2023-05-30 22:20:31 --> Session: Class initialized using 'CodeIgniter\Session\Handlers\FileHandler' driver.
INFO - 2023-05-30 22:20:33 --> Session: Class initialized using 'CodeIgniter\Session\Handlers\FileHandler' driver.
INFO - 2023-05-30 22:20:39 --> Session: Class initialized using 'CodeIgniter\Session\Handlers\FileHandler' driver.
INFO - 2023-05-30 22:20:42 --> Session: Class initialized using 'CodeIgniter\Session\Handlers\FileHandler' driver.
INFO - 2023-05-30 22:21:35 --> Session: Class initialized using 'CodeIgniter\Session\Handlers\FileHandler' driver.
INFO - 2023-05-30 22:21:36 --> Session: Class initialized using 'CodeIgniter\Session\Handlers\FileHandler' driver.
INFO - 2023-05-30 22:22:40 --> Session: Class initialized using 'CodeIgniter\Session\Handlers\FileHandler' driver.
INFO - 2023-05-30 22:22:42 --> Session: Class initialized using 'CodeIgniter\Session\Handlers\FileHandler' driver.
INFO - 2023-05-30 22:22:45 --> Session: Class initialized using 'CodeIgniter\Session\Handlers\FileHandler' driver.
INFO - 2023-05-30 22:22:50 --> Session: Class initialized using 'CodeIgniter\Session\Handlers\FileHandler' driver.
INFO - 2023-05-30 22:22:53 --> Session: Class initialized using 'CodeIgniter\Session\Handlers\FileHandler' driver.
INFO - 2023-05-30 22:22:55 --> Session: Class initialized using 'CodeIgniter\Session\Handlers\FileHandler' driver.
INFO - 2023-05-30 22:22:57 --> Session: Class initialized using 'CodeIgniter\Session\Handlers\FileHandler' driver.
INFO - 2023-05-30 22:23:26 --> Session: Class initialized using 'CodeIgniter\Session\Handlers\FileHandler' driver.
INFO - 2023-05-30 22:23:31 --> Session: Class initialized using 'CodeIgniter\Session\Handlers\FileHandler' driver.
INFO - 2023-05-30 22:23:46 --> Session: Class initialized using 'CodeIgniter\Session\Handlers\FileHandler' driver.
INFO - 2023-05-30 22:23:48 --> Session: Class initialized using 'CodeIgniter\Session\Handlers\FileHandler' driver.
INFO - 2023-05-30 22:23:48 --> Session: Class initialized using 'CodeIgniter\Session\Handlers\FileHandler' driver.
INFO - 2023-05-30 22:23:48 --> Session: Class initialized using 'CodeIgniter\Session\Handlers\FileHandler' driver.
INFO - 2023-05-30 22:23:48 --> Session: Class initialized using 'CodeIgniter\Session\Handlers\FileHandler' driver.
INFO - 2023-05-30 22:23:52 --> Session: Class initialized using 'CodeIgniter\Session\Handlers\FileHandler' driver.
INFO - 2023-05-30 22:24:10 --> Session: Class initialized using 'CodeIgniter\Session\Handlers\FileHandler' driver.
